<?xml version="1.0" encoding="UTF-8"?>
<!-- Generated by org.testng.reporters.JUnitReportReporter -->
<testsuite hostname="LAPTOP-3BL16AQ1" failures="0" tests="1" name="Tests.Login" time="8.645" errors="0" timestamp="2022-08-11T08:00:21 IST" skipped="0">
  <testcase classname="Tests.Login" name="enterCredentials" time="8.645"/>
  <system-out/>
</testsuite> <!-- Tests.Login -->
