<?xml version="1.0" encoding="UTF-8"?>
<!-- Generated by org.testng.reporters.JUnitReportReporter -->
<testsuite hostname="LAPTOP-3BL16AQ1" failures="0" tests="2" name="TestNg.RealTimeExample_TestNG_DependsOnMethods" time="7.787" errors="0" timestamp="2022-08-01T07:59:38 IST" skipped="0">
  <testcase classname="TestNg.RealTimeExample_TestNG_DependsOnMethods" name="openURL" time="6.819"/>
  <system-out/>
  <testcase classname="TestNg.RealTimeExample_TestNG_DependsOnMethods" name="clickWindowButton" time="0.968"/>
  <system-out/>
</testsuite> <!-- TestNg.RealTimeExample_TestNG_DependsOnMethods -->
