<?xml version="1.0" encoding="UTF-8"?>
<!-- Generated by org.testng.reporters.JUnitReportReporter -->
<testsuite hostname="LAPTOP-3BL16AQ1" failures="0" tests="6" name="TestNg.RealTimeExample_TestNG_InvocationCount" time="5.900" errors="0" timestamp="2022-08-01T08:04:53 IST" skipped="0">
  <testcase classname="TestNg.RealTimeExample_TestNG_InvocationCount" name="enterUserName" time="0.446"/>
  <system-out/>
  <testcase classname="TestNg.RealTimeExample_TestNG_InvocationCount" name="enterUserName" time="0.374"/>
  <system-out/>
  <testcase classname="TestNg.RealTimeExample_TestNG_InvocationCount" name="openURL" time="3.811"/>
  <system-out/>
  <testcase classname="TestNg.RealTimeExample_TestNG_InvocationCount" name="enterUserName" time="0.283"/>
  <system-out/>
  <testcase classname="TestNg.RealTimeExample_TestNG_InvocationCount" name="enterUserName" time="0.626"/>
  <system-out/>
  <testcase classname="TestNg.RealTimeExample_TestNG_InvocationCount" name="enterUserName" time="0.360"/>
  <system-out/>
</testsuite> <!-- TestNg.RealTimeExample_TestNG_InvocationCount -->
