<?xml version="1.0" encoding="UTF-8"?>
<!-- Generated by org.testng.reporters.JUnitReportReporter -->
<testsuite hostname="LAPTOP-3BL16AQ1" failures="0" tests="2" name="TestNg.ParallelTesting_Example1" time="1.269" errors="0" timestamp="2022-08-02T07:38:29 IST" skipped="0">
  <testcase classname="TestNg.ParallelTesting_Example1" name="enterCredentails" time="0.524"/>
  <system-out/>
  <testcase classname="TestNg.ParallelTesting_Example1" name="clickLogin" time="0.745"/>
  <system-out/>
</testsuite> <!-- TestNg.ParallelTesting_Example1 -->
