<?xml version="1.0" encoding="UTF-8"?>
<!-- Generated by org.testng.reporters.JUnitReportReporter -->
<testsuite hostname="LAPTOP-3BL16AQ1" failures="0" tests="2" name="TestNg.RealTimeExample_TestNG_Enabled" time="10.207" errors="0" timestamp="2022-08-02T07:09:38 IST" skipped="1">
  <testcase classname="TestNg.RealTimeExample_TestNG_Enabled" name="openURL" time="10.207"/>
  <system-out/>
  <testcase classname="TestNg.RealTimeExample_TestNG_Enabled" name="clickWindowButton">
    <skipped/>
  </testcase> <!-- clickWindowButton -->
  <system-out/>
</testsuite> <!-- TestNg.RealTimeExample_TestNG_Enabled -->
