<?xml version="1.0" encoding="UTF-8"?>
<!-- Generated by org.testng.reporters.JUnitReportReporter -->
<testsuite hostname="LAPTOP-3BL16AQ1" failures="0" tests="2" name="TestNg.ParallelTesting_Example2" time="3.482" errors="0" timestamp="2022-08-02T07:38:29 IST" skipped="0">
  <testcase classname="TestNg.ParallelTesting_Example2" name="enterCredentails" time="2.254"/>
  <system-out/>
  <testcase classname="TestNg.ParallelTesting_Example2" name="clickLogin" time="1.228"/>
  <system-out/>
</testsuite> <!-- TestNg.ParallelTesting_Example2 -->
