<?xml version="1.0" encoding="UTF-8"?>
<!-- Generated by org.testng.reporters.JUnitReportReporter -->
<testsuite hostname="LAPTOP-3BL16AQ1" failures="0" tests="2" name="Tests.LoginAndLogout" time="11.004" errors="0" timestamp="2022-08-11T08:24:39 IST" skipped="0">
  <testcase classname="Tests.LoginAndLogout" name="enterCredentials" time="8.188"/>
  <system-out/>
  <testcase classname="Tests.LoginAndLogout" name="logout" time="2.816"/>
  <system-out/>
</testsuite> <!-- Tests.LoginAndLogout -->
