<?xml version="1.0" encoding="UTF-8"?>
<!-- Generated by org.testng.reporters.JUnitReportReporter -->
<testsuite hostname="LAPTOP-3BL16AQ1" failures="0" tests="2" name="Tests.ForgorPassword" time="5.739" errors="0" timestamp="2022-08-11T08:04:39 IST" skipped="0">
  <testcase classname="Tests.ForgorPassword" name="enterDatainForgotPasswordPage" time="2.743"/>
  <system-out/>
  <testcase classname="Tests.ForgorPassword" name="clickForgotPassword" time="2.996"/>
  <system-out/>
</testsuite> <!-- Tests.ForgorPassword -->
