<?xml version="1.0" encoding="UTF-8"?>
<!-- Generated by org.testng.reporters.JUnitReportReporter -->
<testsuite hostname="LAPTOP-3BL16AQ1" failures="0" tests="2" name="TestNg.TestNgExample" time="46.050" errors="0" timestamp="2022-08-02T07:38:29 IST" skipped="0">
  <testcase classname="TestNg.TestNgExample" name="openURL" time="26.368"/>
  <system-out/>
  <testcase classname="TestNg.TestNgExample" name="launchBrowser" time="19.682"/>
  <system-out/>
</testsuite> <!-- TestNg.TestNgExample -->
