<?xml version="1.0" encoding="UTF-8"?>
<!-- Generated by org.testng.reporters.JUnitReportReporter -->
<testsuite hostname="LAPTOP-3BL16AQ1" failures="0" tests="5" name="TestNg.DataProviders" time="5.464" errors="0" timestamp="2022-08-02T07:50:26 IST" skipped="0">
  <testcase classname="TestNg.DataProviders" name="enterCredentails" time="0.409"/>
  <system-out/>
  <testcase classname="TestNg.DataProviders" name="enterCredentails" time="0.714"/>
  <system-out/>
  <testcase classname="TestNg.DataProviders" name="enterCredentails" time="0.419"/>
  <system-out/>
  <testcase classname="TestNg.DataProviders" name="enterCredentails" time="0.384"/>
  <system-out/>
  <testcase classname="TestNg.DataProviders" name="clickLogin" time="3.538"/>
  <system-out/>
</testsuite> <!-- TestNg.DataProviders -->
