<?xml version="1.0" encoding="UTF-8"?>
<!-- Generated by org.testng.reporters.JUnitReportReporter -->
<testsuite hostname="LAPTOP-3BL16AQ1" failures="0" tests="2" name="Listeners.ListenersExample" time="7.331" errors="0" timestamp="2022-08-10T08:25:28 IST" skipped="0">
  <testcase classname="Listeners.ListenersExample" name="verifyGoogle" time="0.359"/>
  <system-out/>
  <testcase classname="Listeners.ListenersExample" name="verifyDate" time="6.972"/>
  <system-out/>
</testsuite> <!-- Listeners.ListenersExample -->
