<?xml version="1.0" encoding="UTF-8"?>
<!-- Generated by org.testng.reporters.JUnitReportReporter -->
<testsuite hostname="LAPTOP-3BL16AQ1" failures="0" tests="2" name="ExtentReports.ExtentReportsExample" time="14.130" errors="0" timestamp="2022-08-10T07:52:49 IST" skipped="0">
  <testcase classname="ExtentReports.ExtentReportsExample" name="launchOrangeHRM" time="4.001"/>
  <system-out/>
  <testcase classname="ExtentReports.ExtentReportsExample" name="extentReportsDemo" time="10.129"/>
  <system-out/>
</testsuite> <!-- ExtentReports.ExtentReportsExample -->
